{"numFailedTestSuites":1,"numFailedTests":0,"numPassedTestSuites":0,"numPassedTests":0,"numPendingTestSuites":0,"numPendingTests":0,"numRuntimeErrorTestSuites":1,"numTodoTests":0,"numTotalTestSuites":1,"numTotalTests":0,"openHandles":[],"snapshot":{"added":0,"didUpdate":false,"failure":false,"filesAdded":0,"filesRemoved":0,"filesRemovedList":[],"filesUnmatched":0,"filesUpdated":0,"matched":0,"total":0,"unchecked":0,"uncheckedKeysByFile":[],"unmatched":0,"updated":0},"startTime":1745187982067,"success":false,"testResults":[{"assertionResults":[],"coverage":{},"endTime":1745187984366,"message":"  ● Test suite failed to run\n\n    Cannot find module 'vscode' from 'deptrack/test/extension.test.js'\n\n    \u001b[0m \u001b[90m 3 |\u001b[39m \u001b[90m// You can import and use all API from the 'vscode' module\u001b[39m\n     \u001b[90m 4 |\u001b[39m \u001b[90m// as well as import your extension to test it\u001b[39m\n    \u001b[31m\u001b[1m>\u001b[22m\u001b[39m\u001b[90m 5 |\u001b[39m \u001b[36mconst\u001b[39m vscode \u001b[33m=\u001b[39m require(\u001b[32m'vscode'\u001b[39m)\u001b[33m;\u001b[39m\n     \u001b[90m   |\u001b[39m                \u001b[31m\u001b[1m^\u001b[22m\u001b[39m\n     \u001b[90m 6 |\u001b[39m \u001b[90m// const myExtension = require('../extension');\u001b[39m\n     \u001b[90m 7 |\u001b[39m\n     \u001b[90m 8 |\u001b[39m suite(\u001b[32m'Extension Test Suite'\u001b[39m\u001b[33m,\u001b[39m () \u001b[33m=>\u001b[39m {\u001b[0m\n\n      at Resolver._throwModNotFoundError (../Users/Aman Kumar/AppData/Local/npm-cache/_npx/b8d86e6551a4f492/node_modules/jest-resolve/build/resolver.js:427:11)\n      at Object.require (deptrack/test/extension.test.js:5:16)\n","name":"C:\\DepTrack\\deptrack\\test\\extension.test.js","startTime":1745187984366,"status":"failed","summary":""}],"wasInterrupted":false,"coverageMap":{}}
