TN:
SF:src\extension.cjs
FN:47,logError
FN:52,resolveCmd
FN:68,scanSecrets
FN:74,walk
FN:117,checkDepGraph
FN:172,flattenDeps
FN:180,deactivate
FN:184,activate
FN:187,(anonymous_8)
FN:198,(anonymous_9)
FN:209,(anonymous_10)
FN:259,(anonymous_11)
FN:272,(anonymous_12)
FN:275,(anonymous_13)
FN:285,runAllChecks
FN:401,runOutdated
FN:423,runVuln
FN:446,runLicenses
FN:468,runESLint
FN:490,runSonar
FN:512,runComplexity
FN:534,runDuplication
FN:556,runSecrets
FN:578,runDepGraph
FN:600,runFixes
FN:631,checkOutdated
FN:693,checkVuln
FN:782,checkLicenses
FN:794,(anonymous_28)
FN:794,(anonymous_29)
FN:806,checkESLint
FN:831,(anonymous_31)
FN:844,(anonymous_32)
FN:906,checkSonar
FN:936,(anonymous_34)
FN:939,(anonymous_35)
FN:958,(anonymous_36)
FN:977,checkComplexity
FN:1015,(anonymous_38)
FN:1056,checkDuplication
FN:1089,(anonymous_40)
FN:1097,(anonymous_41)
FN:1145,handleChat
FN:1170,getSuggestedFixes
FN:1190,(anonymous_44)
FN:1202,(anonymous_45)
FN:1211,(anonymous_46)
FN:1218,(anonymous_47)
FN:1225,(anonymous_48)
FN:1234,(anonymous_49)
FN:1250,sendEmailNotification
FN:1265,exportCsv
FN:1272,(anonymous_52)
FN:1277,(anonymous_53)
FN:1278,(anonymous_54)
FN:1284,(anonymous_55)
FN:1289,(anonymous_56)
FN:1294,(anonymous_57)
FN:1299,(anonymous_58)
FN:1304,(anonymous_59)
FN:1309,(anonymous_60)
FN:1320,(anonymous_61)
FN:1325,(anonymous_62)
FN:1330,(anonymous_63)
FN:1336,(anonymous_64)
FN:1350,exportPdf
FN:1358,(anonymous_66)
FN:1359,(anonymous_67)
FN:1361,(anonymous_68)
FN:1363,(anonymous_69)
FN:1363,(anonymous_70)
FN:1366,(anonymous_71)
FN:1368,(anonymous_72)
FN:1379,(anonymous_73)
FN:1381,(anonymous_74)
FN:1383,(anonymous_75)
FN:1385,(anonymous_76)
FNF:77
FNH:3
FNDA:0,logError
FNDA:0,resolveCmd
FNDA:0,scanSecrets
FNDA:0,walk
FNDA:0,checkDepGraph
FNDA:0,flattenDeps
FNDA:1,deactivate
FNDA:2,activate
FNDA:3,(anonymous_8)
FNDA:0,(anonymous_9)
FNDA:0,(anonymous_10)
FNDA:0,(anonymous_11)
FNDA:0,(anonymous_12)
FNDA:0,(anonymous_13)
FNDA:0,runAllChecks
FNDA:0,runOutdated
FNDA:0,runVuln
FNDA:0,runLicenses
FNDA:0,runESLint
FNDA:0,runSonar
FNDA:0,runComplexity
FNDA:0,runDuplication
FNDA:0,runSecrets
FNDA:0,runDepGraph
FNDA:0,runFixes
FNDA:0,checkOutdated
FNDA:0,checkVuln
FNDA:0,checkLicenses
FNDA:0,(anonymous_28)
FNDA:0,(anonymous_29)
FNDA:0,checkESLint
FNDA:0,(anonymous_31)
FNDA:0,(anonymous_32)
FNDA:0,checkSonar
FNDA:0,(anonymous_34)
FNDA:0,(anonymous_35)
FNDA:0,(anonymous_36)
FNDA:0,checkComplexity
FNDA:0,(anonymous_38)
FNDA:0,checkDuplication
FNDA:0,(anonymous_40)
FNDA:0,(anonymous_41)
FNDA:0,handleChat
FNDA:0,getSuggestedFixes
FNDA:0,(anonymous_44)
FNDA:0,(anonymous_45)
FNDA:0,(anonymous_46)
FNDA:0,(anonymous_47)
FNDA:0,(anonymous_48)
FNDA:0,(anonymous_49)
FNDA:0,sendEmailNotification
FNDA:0,exportCsv
FNDA:0,(anonymous_52)
FNDA:0,(anonymous_53)
FNDA:0,(anonymous_54)
FNDA:0,(anonymous_55)
FNDA:0,(anonymous_56)
FNDA:0,(anonymous_57)
FNDA:0,(anonymous_58)
FNDA:0,(anonymous_59)
FNDA:0,(anonymous_60)
FNDA:0,(anonymous_61)
FNDA:0,(anonymous_62)
FNDA:0,(anonymous_63)
FNDA:0,(anonymous_64)
FNDA:0,exportPdf
FNDA:0,(anonymous_66)
FNDA:0,(anonymous_67)
FNDA:0,(anonymous_68)
FNDA:0,(anonymous_69)
FNDA:0,(anonymous_70)
FNDA:0,(anonymous_71)
FNDA:0,(anonymous_72)
FNDA:0,(anonymous_73)
FNDA:0,(anonymous_74)
FNDA:0,(anonymous_75)
FNDA:0,(anonymous_76)
DA:1,2
DA:2,2
DA:3,2
DA:4,2
DA:5,2
DA:6,2
DA:7,2
DA:8,2
DA:9,2
DA:10,2
DA:11,2
DA:12,2
DA:13,2
DA:14,2
DA:17,2
DA:21,2
DA:25,2
DA:27,2
DA:28,2
DA:29,2
DA:32,2
DA:48,0
DA:49,0
DA:53,0
DA:54,0
DA:55,0
DA:56,0
DA:58,0
DA:59,0
DA:60,0
DA:61,0
DA:62,0
DA:64,0
DA:65,0
DA:69,0
DA:70,0
DA:71,0
DA:72,0
DA:75,0
DA:76,0
DA:77,0
DA:78,0
DA:79,0
DA:80,0
DA:81,0
DA:82,0
DA:84,0
DA:85,0
DA:87,0
DA:88,0
DA:99,0
DA:104,0
DA:105,0
DA:106,0
DA:107,0
DA:115,2
DA:118,0
DA:119,0
DA:121,0
DA:122,0
DA:123,0
DA:125,0
DA:126,0
DA:127,0
DA:128,0
DA:130,0
DA:132,0
DA:133,0
DA:134,0
DA:136,0
DA:139,0
DA:141,0
DA:143,0
DA:145,0
DA:147,0
DA:148,0
DA:149,0
DA:150,0
DA:151,0
DA:152,0
DA:153,0
DA:155,0
DA:157,0
DA:161,0
DA:164,0
DA:165,0
DA:168,0
DA:169,0
DA:173,0
DA:174,0
DA:175,0
DA:177,0
DA:181,1
DA:185,2
DA:186,2
DA:187,2
DA:188,3
DA:189,3
DA:190,3
DA:191,3
DA:192,3
DA:194,2
DA:197,2
DA:199,0
DA:200,0
DA:201,0
DA:207,0
DA:209,0
DA:211,0
DA:213,0
DA:218,0
DA:222,0
DA:224,0
DA:226,0
DA:230,0
DA:234,0
DA:236,0
DA:238,0
DA:240,0
DA:242,0
DA:244,0
DA:246,0
DA:248,0
DA:250,0
DA:252,0
DA:255,0
DA:259,0
DA:265,1
DA:270,1
DA:272,0
DA:275,0
DA:279,1
DA:280,1
DA:286,0
DA:287,0
DA:289,0
DA:290,0
DA:291,0
DA:292,0
DA:293,0
DA:296,0
DA:297,0
DA:298,0
DA:301,0
DA:302,0
DA:303,0
DA:305,0
DA:308,0
DA:309,0
DA:310,0
DA:312,0
DA:315,0
DA:316,0
DA:317,0
DA:319,0
DA:322,0
DA:323,0
DA:324,0
DA:326,0
DA:329,0
DA:330,0
DA:331,0
DA:333,0
DA:336,0
DA:337,0
DA:338,0
DA:340,0
DA:343,0
DA:344,0
DA:345,0
DA:347,0
DA:350,0
DA:351,0
DA:352,0
DA:354,0
DA:357,0
DA:358,0
DA:359,0
DA:361,0
DA:365,0
DA:375,0
DA:390,0
DA:395,0
DA:396,0
DA:402,0
DA:403,0
DA:404,0
DA:405,0
DA:406,0
DA:407,0
DA:408,0
DA:410,0
DA:411,0
DA:412,0
DA:413,0
DA:414,0
DA:415,0
DA:417,0
DA:419,0
DA:420,0
DA:424,0
DA:425,0
DA:426,0
DA:427,0
DA:428,0
DA:429,0
DA:430,0
DA:432,0
DA:433,0
DA:434,0
DA:435,0
DA:436,0
DA:437,0
DA:438,0
DA:440,0
DA:442,0
DA:443,0
DA:447,0
DA:448,0
DA:449,0
DA:450,0
DA:451,0
DA:452,0
DA:453,0
DA:455,0
DA:456,0
DA:457,0
DA:458,0
DA:459,0
DA:460,0
DA:462,0
DA:464,0
DA:465,0
DA:469,0
DA:470,0
DA:471,0
DA:472,0
DA:473,0
DA:474,0
DA:475,0
DA:477,0
DA:478,0
DA:479,0
DA:480,0
DA:481,0
DA:482,0
DA:484,0
DA:486,0
DA:487,0
DA:491,0
DA:492,0
DA:493,0
DA:494,0
DA:495,0
DA:496,0
DA:497,0
DA:499,0
DA:500,0
DA:501,0
DA:502,0
DA:503,0
DA:504,0
DA:506,0
DA:508,0
DA:509,0
DA:513,0
DA:514,0
DA:515,0
DA:516,0
DA:517,0
DA:518,0
DA:519,0
DA:521,0
DA:522,0
DA:523,0
DA:524,0
DA:525,0
DA:526,0
DA:528,0
DA:530,0
DA:531,0
DA:535,0
DA:536,0
DA:537,0
DA:538,0
DA:539,0
DA:540,0
DA:541,0
DA:543,0
DA:544,0
DA:545,0
DA:546,0
DA:547,0
DA:548,0
DA:550,0
DA:552,0
DA:553,0
DA:557,0
DA:558,0
DA:559,0
DA:560,0
DA:561,0
DA:562,0
DA:563,0
DA:565,0
DA:566,0
DA:567,0
DA:568,0
DA:569,0
DA:570,0
DA:572,0
DA:574,0
DA:575,0
DA:579,0
DA:580,0
DA:581,0
DA:582,0
DA:583,0
DA:584,0
DA:585,0
DA:587,0
DA:588,0
DA:589,0
DA:590,0
DA:591,0
DA:592,0
DA:594,0
DA:596,0
DA:597,0
DA:601,0
DA:602,0
DA:603,0
DA:604,0
DA:605,0
DA:606,0
DA:607,0
DA:609,0
DA:610,0
DA:611,0
DA:612,0
DA:620,0
DA:621,0
DA:623,0
DA:625,0
DA:626,0
DA:632,0
DA:633,0
DA:634,0
DA:635,0
DA:637,0
DA:638,0
DA:639,0
DA:641,0
DA:642,0
DA:643,0
DA:646,0
DA:647,0
DA:648,0
DA:649,0
DA:650,0
DA:653,0
DA:654,0
DA:655,0
DA:656,0
DA:657,0
DA:661,0
DA:662,0
DA:663,0
DA:665,0
DA:666,0
DA:667,0
DA:668,0
DA:671,0
DA:672,0
DA:673,0
DA:680,0
DA:681,0
DA:682,0
DA:684,0
DA:686,0
DA:687,0
DA:694,0
DA:695,0
DA:696,0
DA:697,0
DA:698,0
DA:699,0
DA:701,0
DA:702,0
DA:703,0
DA:707,0
DA:708,0
DA:709,0
DA:713,0
DA:719,0
DA:720,0
DA:722,0
DA:723,0
DA:725,0
DA:726,0
DA:728,0
DA:729,0
DA:730,0
DA:731,0
DA:733,0
DA:736,0
DA:741,0
DA:742,0
DA:743,0
DA:744,0
DA:746,0
DA:747,0
DA:748,0
DA:749,0
DA:751,0
DA:754,0
DA:759,0
DA:760,0
DA:763,0
DA:764,0
DA:765,0
DA:766,0
DA:767,0
DA:768,0
DA:770,0
DA:771,0
DA:774,0
DA:775,0
DA:777,0
DA:778,0
DA:783,0
DA:784,0
DA:785,0
DA:786,0
DA:787,0
DA:788,0
DA:789,0
DA:790,0
DA:791,0
DA:792,0
DA:793,0
DA:794,0
DA:795,0
DA:798,0
DA:800,0
DA:801,0
DA:802,0
DA:807,0
DA:808,0
DA:811,0
DA:812,0
DA:813,0
DA:814,0
DA:817,0
DA:818,0
DA:820,0
DA:821,0
DA:822,0
DA:823,0
DA:826,0
DA:827,0
DA:828,0
DA:829,0
DA:831,0
DA:834,0
DA:835,0
DA:836,0
DA:837,0
DA:840,0
DA:841,0
DA:844,0
DA:846,0
DA:847,0
DA:849,0
DA:850,0
DA:851,0
DA:852,0
DA:854,0
DA:857,0
DA:858,0
DA:859,0
DA:860,0
DA:864,0
DA:865,0
DA:866,0
DA:867,0
DA:868,0
DA:869,0
DA:870,0
DA:874,0
DA:875,0
DA:877,0
DA:878,0
DA:879,0
DA:880,0
DA:884,0
DA:885,0
DA:886,0
DA:887,0
DA:888,0
DA:889,0
DA:890,0
DA:899,0
DA:900,0
DA:901,0
DA:907,0
DA:908,0
DA:909,0
DA:910,0
DA:913,0
DA:914,0
DA:915,0
DA:916,0
DA:917,0
DA:921,0
DA:922,0
DA:923,0
DA:930,0
DA:934,0
DA:936,0
DA:939,0
DA:941,0
DA:944,0
DA:947,0
DA:948,0
DA:958,0
DA:959,0
DA:960,0
DA:964,0
DA:965,0
DA:966,0
DA:970,0
DA:971,0
DA:972,0
DA:974,0
DA:978,0
DA:979,0
DA:982,0
DA:983,0
DA:984,0
DA:987,0
DA:988,0
DA:992,0
DA:993,0
DA:996,0
DA:997,0
DA:998,0
DA:1000,0
DA:1001,0
DA:1002,0
DA:1005,0
DA:1006,0
DA:1010,0
DA:1011,0
DA:1014,0
DA:1015,0
DA:1016,0
DA:1017,0
DA:1021,0
DA:1027,0
DA:1037,0
DA:1038,0
DA:1041,0
DA:1043,0
DA:1044,0
DA:1047,0
DA:1049,0
DA:1057,0
DA:1058,0
DA:1061,0
DA:1064,0
DA:1070,0
DA:1073,0
DA:1074,0
DA:1076,0
DA:1077,0
DA:1078,0
DA:1079,0
DA:1082,0
DA:1083,0
DA:1084,0
DA:1085,0
DA:1089,0
DA:1090,0
DA:1091,0
DA:1095,0
DA:1096,0
DA:1097,0
DA:1098,0
DA:1100,0
DA:1101,0
DA:1102,0
DA:1103,0
DA:1104,0
DA:1106,0
DA:1109,0
DA:1112,0
DA:1113,0
DA:1115,0
DA:1116,0
DA:1118,0
DA:1119,0
DA:1120,0
DA:1121,0
DA:1125,0
DA:1126,0
DA:1127,0
DA:1128,0
DA:1129,0
DA:1130,0
DA:1140,0
DA:1141,0
DA:1142,0
DA:1146,0
DA:1147,0
DA:1148,0
DA:1149,0
DA:1150,0
DA:1151,0
DA:1152,0
DA:1154,0
DA:1155,0
DA:1160,0
DA:1162,0
DA:1163,0
DA:1166,0
DA:1167,0
DA:1178,0
DA:1181,0
DA:1182,0
DA:1189,0
DA:1190,0
DA:1192,0
DA:1197,0
DA:1202,0
DA:1203,0
DA:1211,0
DA:1212,0
DA:1213,0
DA:1215,0
DA:1216,0
DA:1218,0
DA:1225,0
DA:1226,0
DA:1234,0
DA:1235,0
DA:1245,0
DA:1251,0
DA:1252,0
DA:1256,0
DA:1257,0
DA:1258,0
DA:1259,0
DA:1261,0
DA:1266,0
DA:1267,0
DA:1268,0
DA:1269,0
DA:1272,0
DA:1273,0
DA:1277,0
DA:1278,0
DA:1279,0
DA:1284,0
DA:1285,0
DA:1289,0
DA:1290,0
DA:1294,0
DA:1295,0
DA:1299,0
DA:1300,0
DA:1304,0
DA:1305,0
DA:1309,0
DA:1310,0
DA:1314,0
DA:1315,0
DA:1319,0
DA:1320,0
DA:1321,0
DA:1325,0
DA:1326,0
DA:1330,0
DA:1331,0
DA:1332,0
DA:1336,0
DA:1337,0
DA:1341,0
DA:1342,0
DA:1343,0
DA:1345,0
DA:1351,0
DA:1352,0
DA:1353,0
DA:1354,0
DA:1355,0
DA:1356,0
DA:1357,0
DA:1358,0
DA:1359,0
DA:1360,0
DA:1361,0
DA:1362,0
DA:1363,0
DA:1364,0
DA:1365,0
DA:1366,0
DA:1367,0
DA:1368,0
DA:1369,0
DA:1370,0
DA:1371,0
DA:1372,0
DA:1373,0
DA:1374,0
DA:1375,0
DA:1376,0
DA:1377,0
DA:1378,0
DA:1379,0
DA:1380,0
DA:1381,0
DA:1382,0
DA:1383,0
DA:1384,0
DA:1385,0
DA:1386,0
DA:1388,0
DA:1392,2
LF:729
LH:38
BRDA:11,0,0,2
BRDA:11,0,1,2
BRDA:48,1,0,0
BRDA:48,1,1,0
BRDA:48,1,2,0
BRDA:49,2,0,0
BRDA:49,2,1,0
BRDA:58,3,0,0
BRDA:58,3,1,0
BRDA:60,4,0,0
BRDA:60,4,1,0
BRDA:78,5,0,0
BRDA:78,5,1,0
BRDA:80,6,0,0
BRDA:80,6,1,0
BRDA:82,7,0,0
BRDA:82,7,1,0
BRDA:82,8,0,0
BRDA:82,8,1,0
BRDA:126,9,0,0
BRDA:126,9,1,0
BRDA:130,10,0,0
BRDA:130,10,1,0
BRDA:133,11,0,0
BRDA:133,11,1,0
BRDA:134,12,0,0
BRDA:134,12,1,0
BRDA:139,13,0,0
BRDA:139,13,1,0
BRDA:145,14,0,0
BRDA:145,14,1,0
BRDA:149,15,0,0
BRDA:149,15,1,0
BRDA:172,16,0,0
BRDA:173,17,0,0
BRDA:173,17,1,0
BRDA:200,18,0,0
BRDA:200,18,1,0
BRDA:213,19,0,0
BRDA:213,19,1,0
BRDA:213,19,2,0
BRDA:213,19,3,0
BRDA:213,19,4,0
BRDA:213,19,5,0
BRDA:213,19,6,0
BRDA:213,19,7,0
BRDA:213,19,8,0
BRDA:213,19,9,0
BRDA:213,19,10,0
BRDA:213,19,11,0
BRDA:213,19,12,0
BRDA:213,19,13,0
BRDA:213,19,14,0
BRDA:213,19,15,0
BRDA:213,19,16,0
BRDA:213,19,17,0
BRDA:286,20,0,0
BRDA:286,20,1,0
BRDA:290,21,0,0
BRDA:290,21,1,0
BRDA:402,22,0,0
BRDA:402,22,1,0
BRDA:405,23,0,0
BRDA:405,23,1,0
BRDA:424,24,0,0
BRDA:424,24,1,0
BRDA:427,25,0,0
BRDA:427,25,1,0
BRDA:447,26,0,0
BRDA:447,26,1,0
BRDA:450,27,0,0
BRDA:450,27,1,0
BRDA:469,28,0,0
BRDA:469,28,1,0
BRDA:472,29,0,0
BRDA:472,29,1,0
BRDA:491,30,0,0
BRDA:491,30,1,0
BRDA:494,31,0,0
BRDA:494,31,1,0
BRDA:513,32,0,0
BRDA:513,32,1,0
BRDA:516,33,0,0
BRDA:516,33,1,0
BRDA:535,34,0,0
BRDA:535,34,1,0
BRDA:538,35,0,0
BRDA:538,35,1,0
BRDA:557,36,0,0
BRDA:557,36,1,0
BRDA:560,37,0,0
BRDA:560,37,1,0
BRDA:579,38,0,0
BRDA:579,38,1,0
BRDA:582,39,0,0
BRDA:582,39,1,0
BRDA:601,40,0,0
BRDA:601,40,1,0
BRDA:604,41,0,0
BRDA:604,41,1,0
BRDA:637,42,0,0
BRDA:637,42,1,0
BRDA:641,43,0,0
BRDA:641,43,1,0
BRDA:653,44,0,0
BRDA:653,44,1,0
BRDA:654,45,0,0
BRDA:654,45,1,0
BRDA:663,46,0,0
BRDA:663,46,1,0
BRDA:676,47,0,0
BRDA:676,47,1,0
BRDA:676,48,0,0
BRDA:676,48,1,0
BRDA:681,49,0,0
BRDA:681,49,1,0
BRDA:684,50,0,0
BRDA:684,50,1,0
BRDA:701,51,0,0
BRDA:701,51,1,0
BRDA:708,52,0,0
BRDA:708,52,1,0
BRDA:722,53,0,0
BRDA:722,53,1,0
BRDA:728,54,0,0
BRDA:728,54,1,0
BRDA:729,55,0,0
BRDA:729,55,1,0
BRDA:736,56,0,0
BRDA:736,56,1,0
BRDA:741,57,0,0
BRDA:741,57,1,0
BRDA:741,58,0,0
BRDA:741,58,1,0
BRDA:746,59,0,0
BRDA:746,59,1,0
BRDA:747,60,0,0
BRDA:747,60,1,0
BRDA:754,61,0,0
BRDA:754,61,1,0
BRDA:759,62,0,0
BRDA:759,62,1,0
BRDA:759,63,0,0
BRDA:759,63,1,0
BRDA:760,64,0,0
BRDA:760,64,1,0
BRDA:762,65,0,0
BRDA:762,65,1,0
BRDA:765,66,0,0
BRDA:765,66,1,0
BRDA:765,66,2,0
BRDA:766,67,0,0
BRDA:766,67,1,0
BRDA:766,67,2,0
BRDA:767,68,0,0
BRDA:767,68,1,0
BRDA:767,68,2,0
BRDA:770,69,0,0
BRDA:770,69,1,0
BRDA:774,70,0,0
BRDA:774,70,1,0
BRDA:774,71,0,0
BRDA:774,71,1,0
BRDA:786,72,0,0
BRDA:786,72,1,0
BRDA:793,73,0,0
BRDA:793,73,1,0
BRDA:793,74,0,0
BRDA:793,74,1,0
BRDA:795,75,0,0
BRDA:795,75,1,0
BRDA:800,76,0,0
BRDA:800,76,1,0
BRDA:826,77,0,0
BRDA:826,77,1,0
BRDA:834,78,0,0
BRDA:834,78,1,0
BRDA:836,79,0,0
BRDA:836,79,1,0
BRDA:852,80,0,0
BRDA:852,80,1,0
BRDA:852,81,0,0
BRDA:852,81,1,0
BRDA:852,82,0,0
BRDA:852,82,1,0
BRDA:854,83,0,0
BRDA:854,83,1,0
BRDA:854,84,0,0
BRDA:854,84,1,0
BRDA:854,85,0,0
BRDA:854,85,1,0
BRDA:857,86,0,0
BRDA:857,86,1,0
BRDA:866,87,0,0
BRDA:866,87,1,0
BRDA:866,88,0,0
BRDA:866,88,1,0
BRDA:867,89,0,0
BRDA:867,89,1,0
BRDA:887,90,0,0
BRDA:887,90,1,0
BRDA:899,91,0,0
BRDA:899,91,1,0
BRDA:908,92,0,0
BRDA:908,92,1,0
BRDA:915,93,0,0
BRDA:915,93,1,0
BRDA:930,94,0,0
BRDA:930,94,1,0
BRDA:947,95,0,0
BRDA:947,95,1,0
BRDA:959,96,0,0
BRDA:959,96,1,0
BRDA:964,97,0,0
BRDA:964,97,1,0
BRDA:964,98,0,0
BRDA:964,98,1,0
BRDA:964,99,0,0
BRDA:964,99,1,0
BRDA:966,100,0,0
BRDA:966,100,1,0
BRDA:968,101,0,0
BRDA:968,101,1,0
BRDA:983,102,0,0
BRDA:983,102,1,0
BRDA:1001,103,0,0
BRDA:1001,103,1,0
BRDA:1014,104,0,0
BRDA:1014,104,1,0
BRDA:1016,105,0,0
BRDA:1016,105,1,0
BRDA:1017,106,0,0
BRDA:1017,106,1,0
BRDA:1021,107,0,0
BRDA:1021,107,1,0
BRDA:1023,108,0,0
BRDA:1023,108,1,0
BRDA:1028,109,0,0
BRDA:1028,109,1,0
BRDA:1030,110,0,0
BRDA:1030,110,1,0
BRDA:1032,111,0,0
BRDA:1032,111,1,0
BRDA:1037,112,0,0
BRDA:1037,112,1,0
BRDA:1082,113,0,0
BRDA:1082,113,1,0
BRDA:1095,114,0,0
BRDA:1095,114,1,0
BRDA:1104,115,0,0
BRDA:1104,115,1,0
BRDA:1104,116,0,0
BRDA:1104,116,1,0
BRDA:1104,117,0,0
BRDA:1104,117,1,0
BRDA:1106,118,0,0
BRDA:1106,118,1,0
BRDA:1106,119,0,0
BRDA:1106,119,1,0
BRDA:1106,120,0,0
BRDA:1106,120,1,0
BRDA:1113,121,0,0
BRDA:1113,121,1,0
BRDA:1127,122,0,0
BRDA:1127,122,1,0
BRDA:1140,123,0,0
BRDA:1140,123,1,0
BRDA:1149,124,0,0
BRDA:1149,124,1,0
BRDA:1151,125,0,0
BRDA:1151,125,1,0
BRDA:1167,126,0,0
BRDA:1167,126,1,0
BRDA:1171,127,0,0
BRDA:1172,128,0,0
BRDA:1173,129,0,0
BRDA:1174,130,0,0
BRDA:1175,131,0,0
BRDA:1176,132,0,0
BRDA:1192,133,0,0
BRDA:1192,133,1,0
BRDA:1194,134,0,0
BRDA:1194,134,1,0
BRDA:1218,135,0,0
BRDA:1218,135,1,0
BRDA:1218,136,0,0
BRDA:1218,136,1,0
BRDA:1253,137,0,0
BRDA:1253,137,1,0
BRDA:1256,138,0,0
BRDA:1256,138,1,0
BRDA:1257,139,0,0
BRDA:1257,139,1,0
BRDA:1257,140,0,0
BRDA:1257,140,1,0
BRDA:1257,140,2,0
BRDA:1266,141,0,0
BRDA:1266,141,1,0
BRDA:1272,142,0,0
BRDA:1272,142,1,0
BRDA:1277,143,0,0
BRDA:1277,143,1,0
BRDA:1284,144,0,0
BRDA:1284,144,1,0
BRDA:1289,145,0,0
BRDA:1289,145,1,0
BRDA:1294,146,0,0
BRDA:1294,146,1,0
BRDA:1299,147,0,0
BRDA:1299,147,1,0
BRDA:1304,148,0,0
BRDA:1304,148,1,0
BRDA:1309,149,0,0
BRDA:1309,149,1,0
BRDA:1314,150,0,0
BRDA:1314,150,1,0
BRDA:1319,151,0,0
BRDA:1319,151,1,0
BRDA:1325,152,0,0
BRDA:1325,152,1,0
BRDA:1330,153,0,0
BRDA:1330,153,1,0
BRDA:1336,154,0,0
BRDA:1336,154,1,0
BRDA:1351,155,0,0
BRDA:1351,155,1,0
BRDA:1361,156,0,0
BRDA:1361,156,1,0
BRDA:1363,157,0,0
BRDA:1363,157,1,0
BRDA:1364,158,0,0
BRDA:1364,158,1,0
BRDA:1366,159,0,0
BRDA:1366,159,1,0
BRDA:1368,160,0,0
BRDA:1368,160,1,0
BRDA:1372,161,0,0
BRDA:1372,161,1,0
BRDA:1379,162,0,0
BRDA:1379,162,1,0
BRDA:1381,163,0,0
BRDA:1381,163,1,0
BRDA:1383,164,0,0
BRDA:1383,164,1,0
BRDA:1385,165,0,0
BRDA:1385,165,1,0
BRF:346
BRH:2
end_of_record
