TN:
SF:src\extension.js
FN:30,logError
FN:35,resolveCmd
FN:51,scanSecrets
FN:57,walk
FN:100,checkDepGraph
FN:155,flattenDeps
FN:163,deactivate
FN:167,activate
FN:170,(anonymous_8)
FN:181,(anonymous_9)
FN:192,(anonymous_10)
FN:207,(anonymous_11)
FN:210,(anonymous_12)
FN:218,onWebviewMessage
FN:233,runAllChecks
FN:331,checkOutdated
FN:392,checkVuln
FN:466,checkLicenses
FN:478,(anonymous_18)
FN:478,(anonymous_19)
FN:489,checkESLint
FN:531,checkSonar
FN:586,(anonymous_22)
FN:598,checkComplexity
FN:636,(anonymous_24)
FN:674,checkDuplication
FN:687,(anonymous_26)
FN:729,(anonymous_27)
FN:747,handleChat
FN:772,runHealthCheck
FN:787,sendEmailNotification
FN:802,exportCsv
FN:807,(anonymous_32)
FN:808,(anonymous_33)
FN:808,(anonymous_34)
FN:809,(anonymous_35)
FN:810,(anonymous_36)
FN:811,(anonymous_37)
FN:812,(anonymous_38)
FN:813,(anonymous_39)
FN:814,(anonymous_40)
FN:815,(anonymous_41)
FN:816,(anonymous_42)
FN:824,exportPdf
FN:832,(anonymous_44)
FN:833,(anonymous_45)
FN:835,(anonymous_46)
FN:837,(anonymous_47)
FN:837,(anonymous_48)
FN:840,(anonymous_49)
FN:842,(anonymous_50)
FN:853,(anonymous_51)
FN:855,(anonymous_52)
FN:857,(anonymous_53)
FN:859,(anonymous_54)
FNF:55
FNH:3
FNDA:0,logError
FNDA:0,resolveCmd
FNDA:0,scanSecrets
FNDA:0,walk
FNDA:0,checkDepGraph
FNDA:0,flattenDeps
FNDA:1,deactivate
FNDA:2,activate
FNDA:3,(anonymous_8)
FNDA:0,(anonymous_9)
FNDA:0,(anonymous_10)
FNDA:0,(anonymous_11)
FNDA:0,(anonymous_12)
FNDA:0,onWebviewMessage
FNDA:0,runAllChecks
FNDA:0,checkOutdated
FNDA:0,checkVuln
FNDA:0,checkLicenses
FNDA:0,(anonymous_18)
FNDA:0,(anonymous_19)
FNDA:0,checkESLint
FNDA:0,checkSonar
FNDA:0,(anonymous_22)
FNDA:0,checkComplexity
FNDA:0,(anonymous_24)
FNDA:0,checkDuplication
FNDA:0,(anonymous_26)
FNDA:0,(anonymous_27)
FNDA:0,handleChat
FNDA:0,runHealthCheck
FNDA:0,sendEmailNotification
FNDA:0,exportCsv
FNDA:0,(anonymous_32)
FNDA:0,(anonymous_33)
FNDA:0,(anonymous_34)
FNDA:0,(anonymous_35)
FNDA:0,(anonymous_36)
FNDA:0,(anonymous_37)
FNDA:0,(anonymous_38)
FNDA:0,(anonymous_39)
FNDA:0,(anonymous_40)
FNDA:0,(anonymous_41)
FNDA:0,(anonymous_42)
FNDA:0,exportPdf
FNDA:0,(anonymous_44)
FNDA:0,(anonymous_45)
FNDA:0,(anonymous_46)
FNDA:0,(anonymous_47)
FNDA:0,(anonymous_48)
FNDA:0,(anonymous_49)
FNDA:0,(anonymous_50)
FNDA:0,(anonymous_51)
FNDA:0,(anonymous_52)
FNDA:0,(anonymous_53)
FNDA:0,(anonymous_54)
DA:1,2
DA:2,2
DA:3,2
DA:4,2
DA:5,2
DA:6,2
DA:7,2
DA:8,2
DA:9,2
DA:10,2
DA:11,2
DA:12,2
DA:13,2
DA:15,2
DA:19,2
DA:23,2
DA:24,2
DA:26,2
DA:27,2
DA:28,2
DA:31,0
DA:32,0
DA:36,0
DA:37,0
DA:38,0
DA:39,0
DA:41,0
DA:42,0
DA:43,0
DA:44,0
DA:45,0
DA:47,0
DA:48,0
DA:52,0
DA:53,0
DA:54,0
DA:55,0
DA:58,0
DA:59,0
DA:60,0
DA:61,0
DA:62,0
DA:63,0
DA:64,0
DA:65,0
DA:67,0
DA:68,0
DA:70,0
DA:71,0
DA:82,0
DA:87,0
DA:88,0
DA:89,0
DA:90,0
DA:98,2
DA:101,0
DA:102,0
DA:104,0
DA:105,0
DA:106,0
DA:108,0
DA:109,0
DA:110,0
DA:111,0
DA:113,0
DA:115,0
DA:116,0
DA:117,0
DA:119,0
DA:122,0
DA:124,0
DA:126,0
DA:128,0
DA:130,0
DA:131,0
DA:132,0
DA:133,0
DA:134,0
DA:135,0
DA:136,0
DA:138,0
DA:140,0
DA:144,0
DA:147,0
DA:148,0
DA:151,0
DA:152,0
DA:156,0
DA:157,0
DA:158,0
DA:160,0
DA:164,1
DA:168,2
DA:169,2
DA:170,2
DA:171,3
DA:172,3
DA:173,3
DA:174,3
DA:175,3
DA:177,2
DA:180,2
DA:182,0
DA:183,0
DA:184,0
DA:190,0
DA:191,0
DA:192,0
DA:195,0
DA:200,1
DA:205,1
DA:207,0
DA:210,0
DA:214,1
DA:215,1
DA:219,0
DA:220,0
DA:221,0
DA:222,0
DA:223,0
DA:224,0
DA:225,0
DA:226,0
DA:227,0
DA:228,0
DA:229,0
DA:234,0
DA:235,0
DA:237,0
DA:238,0
DA:239,0
DA:240,0
DA:241,0
DA:244,0
DA:245,0
DA:246,0
DA:249,0
DA:250,0
DA:251,0
DA:252,0
DA:253,0
DA:254,0
DA:255,0
DA:256,0
DA:257,0
DA:260,0
DA:261,0
DA:262,0
DA:265,0
DA:266,0
DA:267,0
DA:270,0
DA:271,0
DA:272,0
DA:275,0
DA:276,0
DA:277,0
DA:280,0
DA:281,0
DA:282,0
DA:285,0
DA:286,0
DA:287,0
DA:290,0
DA:291,0
DA:292,0
DA:295,0
DA:296,0
DA:297,0
DA:300,0
DA:301,0
DA:302,0
DA:305,0
DA:320,0
DA:321,0
DA:327,0
DA:328,0
DA:332,0
DA:333,0
DA:334,0
DA:335,0
DA:337,0
DA:338,0
DA:339,0
DA:341,0
DA:342,0
DA:343,0
DA:346,0
DA:347,0
DA:348,0
DA:349,0
DA:350,0
DA:353,0
DA:354,0
DA:355,0
DA:356,0
DA:357,0
DA:361,0
DA:362,0
DA:363,0
DA:365,0
DA:366,0
DA:367,0
DA:368,0
DA:371,0
DA:372,0
DA:373,0
DA:380,0
DA:381,0
DA:382,0
DA:384,0
DA:386,0
DA:387,0
DA:393,0
DA:394,0
DA:395,0
DA:396,0
DA:397,0
DA:398,0
DA:400,0
DA:401,0
DA:402,0
DA:405,0
DA:406,0
DA:408,0
DA:409,0
DA:410,0
DA:411,0
DA:413,0
DA:414,0
DA:415,0
DA:416,0
DA:418,0
DA:421,0
DA:426,0
DA:427,0
DA:428,0
DA:429,0
DA:431,0
DA:432,0
DA:433,0
DA:434,0
DA:436,0
DA:439,0
DA:444,0
DA:445,0
DA:448,0
DA:449,0
DA:450,0
DA:451,0
DA:452,0
DA:453,0
DA:455,0
DA:456,0
DA:459,0
DA:460,0
DA:462,0
DA:463,0
DA:467,0
DA:468,0
DA:469,0
DA:470,0
DA:471,0
DA:472,0
DA:473,0
DA:474,0
DA:475,0
DA:476,0
DA:477,0
DA:478,0
DA:479,0
DA:482,0
DA:484,0
DA:485,0
DA:486,0
DA:490,0
DA:491,0
DA:494,0
DA:495,0
DA:497,0
DA:498,0
DA:508,0
DA:509,0
DA:510,0
DA:511,0
DA:512,0
DA:521,0
DA:524,0
DA:525,0
DA:527,0
DA:528,0
DA:532,0
DA:533,0
DA:536,0
DA:537,0
DA:538,0
DA:542,0
DA:543,0
DA:544,0
DA:548,0
DA:549,0
DA:552,0
DA:553,0
DA:554,0
DA:555,0
DA:556,0
DA:559,0
DA:560,0
DA:562,0
DA:573,0
DA:574,0
DA:575,0
DA:577,0
DA:578,0
DA:582,0
DA:583,0
DA:584,0
DA:585,0
DA:586,0
DA:587,0
DA:588,0
DA:591,0
DA:594,0
DA:595,0
DA:599,0
DA:600,0
DA:603,0
DA:604,0
DA:605,0
DA:608,0
DA:609,0
DA:613,0
DA:614,0
DA:617,0
DA:618,0
DA:619,0
DA:621,0
DA:622,0
DA:623,0
DA:626,0
DA:627,0
DA:631,0
DA:632,0
DA:635,0
DA:636,0
DA:637,0
DA:638,0
DA:642,0
DA:648,0
DA:658,0
DA:659,0
DA:662,0
DA:664,0
DA:665,0
DA:668,0
DA:670,0
DA:675,0
DA:676,0
DA:678,0
DA:679,0
DA:681,0
DA:687,0
DA:688,0
DA:690,0
DA:691,0
DA:692,0
DA:693,0
DA:694,0
DA:696,0
DA:697,0
DA:698,0
DA:699,0
DA:700,0
DA:701,0
DA:706,0
DA:707,0
DA:708,0
DA:709,0
DA:710,0
DA:711,0
DA:712,0
DA:713,0
DA:716,0
DA:719,0
DA:720,0
DA:722,0
DA:723,0
DA:724,0
DA:725,0
DA:728,0
DA:729,0
DA:730,0
DA:731,0
DA:732,0
DA:733,0
DA:741,0
DA:742,0
DA:743,0
DA:748,0
DA:749,0
DA:750,0
DA:751,0
DA:752,0
DA:753,0
DA:754,0
DA:756,0
DA:757,0
DA:762,0
DA:764,0
DA:765,0
DA:768,0
DA:769,0
DA:773,0
DA:774,0
DA:775,0
DA:776,0
DA:781,0
DA:783,0
DA:788,0
DA:789,0
DA:793,0
DA:794,0
DA:795,0
DA:796,0
DA:798,0
DA:803,0
DA:804,0
DA:805,0
DA:806,0
DA:807,0
DA:808,0
DA:809,0
DA:810,0
DA:811,0
DA:812,0
DA:813,0
DA:814,0
DA:815,0
DA:816,0
DA:817,0
DA:818,0
DA:820,0
DA:825,0
DA:826,0
DA:827,0
DA:828,0
DA:829,0
DA:830,0
DA:831,0
DA:832,0
DA:833,0
DA:834,0
DA:835,0
DA:836,0
DA:837,0
DA:838,0
DA:839,0
DA:840,0
DA:841,0
DA:842,0
DA:843,0
DA:844,0
DA:845,0
DA:846,0
DA:847,0
DA:848,0
DA:849,0
DA:850,0
DA:851,0
DA:852,0
DA:853,0
DA:854,0
DA:855,0
DA:856,0
DA:857,0
DA:858,0
DA:859,0
DA:860,0
DA:862,0
DA:866,2
LF:480
LH:37
BRDA:11,0,0,2
BRDA:11,0,1,2
BRDA:31,1,0,0
BRDA:31,1,1,0
BRDA:31,1,2,0
BRDA:32,2,0,0
BRDA:32,2,1,0
BRDA:41,3,0,0
BRDA:41,3,1,0
BRDA:43,4,0,0
BRDA:43,4,1,0
BRDA:61,5,0,0
BRDA:61,5,1,0
BRDA:63,6,0,0
BRDA:63,6,1,0
BRDA:65,7,0,0
BRDA:65,7,1,0
BRDA:65,8,0,0
BRDA:65,8,1,0
BRDA:109,9,0,0
BRDA:109,9,1,0
BRDA:113,10,0,0
BRDA:113,10,1,0
BRDA:116,11,0,0
BRDA:116,11,1,0
BRDA:117,12,0,0
BRDA:117,12,1,0
BRDA:122,13,0,0
BRDA:122,13,1,0
BRDA:128,14,0,0
BRDA:128,14,1,0
BRDA:132,15,0,0
BRDA:132,15,1,0
BRDA:155,16,0,0
BRDA:156,17,0,0
BRDA:156,17,1,0
BRDA:183,18,0,0
BRDA:183,18,1,0
BRDA:220,19,0,0
BRDA:220,19,1,0
BRDA:220,19,2,0
BRDA:220,19,3,0
BRDA:220,19,4,0
BRDA:220,19,5,0
BRDA:220,19,6,0
BRDA:220,19,7,0
BRDA:220,19,8,0
BRDA:234,20,0,0
BRDA:234,20,1,0
BRDA:238,21,0,0
BRDA:238,21,1,0
BRDA:320,22,0,0
BRDA:320,22,1,0
BRDA:337,23,0,0
BRDA:337,23,1,0
BRDA:341,24,0,0
BRDA:341,24,1,0
BRDA:353,25,0,0
BRDA:353,25,1,0
BRDA:354,26,0,0
BRDA:354,26,1,0
BRDA:363,27,0,0
BRDA:363,27,1,0
BRDA:376,28,0,0
BRDA:376,28,1,0
BRDA:376,29,0,0
BRDA:376,29,1,0
BRDA:381,30,0,0
BRDA:381,30,1,0
BRDA:384,31,0,0
BRDA:384,31,1,0
BRDA:400,32,0,0
BRDA:400,32,1,0
BRDA:408,33,0,0
BRDA:408,33,1,0
BRDA:413,34,0,0
BRDA:413,34,1,0
BRDA:414,35,0,0
BRDA:414,35,1,0
BRDA:421,36,0,0
BRDA:421,36,1,0
BRDA:426,37,0,0
BRDA:426,37,1,0
BRDA:426,38,0,0
BRDA:426,38,1,0
BRDA:431,39,0,0
BRDA:431,39,1,0
BRDA:432,40,0,0
BRDA:432,40,1,0
BRDA:439,41,0,0
BRDA:439,41,1,0
BRDA:444,42,0,0
BRDA:444,42,1,0
BRDA:444,43,0,0
BRDA:444,43,1,0
BRDA:445,44,0,0
BRDA:445,44,1,0
BRDA:447,45,0,0
BRDA:447,45,1,0
BRDA:450,46,0,0
BRDA:450,46,1,0
BRDA:450,46,2,0
BRDA:451,47,0,0
BRDA:451,47,1,0
BRDA:451,47,2,0
BRDA:452,48,0,0
BRDA:452,48,1,0
BRDA:452,48,2,0
BRDA:455,49,0,0
BRDA:455,49,1,0
BRDA:459,50,0,0
BRDA:459,50,1,0
BRDA:459,51,0,0
BRDA:459,51,1,0
BRDA:470,52,0,0
BRDA:470,52,1,0
BRDA:477,53,0,0
BRDA:477,53,1,0
BRDA:477,54,0,0
BRDA:477,54,1,0
BRDA:479,55,0,0
BRDA:479,55,1,0
BRDA:484,56,0,0
BRDA:484,56,1,0
BRDA:524,57,0,0
BRDA:524,57,1,0
BRDA:536,58,0,0
BRDA:536,58,1,0
BRDA:537,59,0,0
BRDA:537,59,1,0
BRDA:538,60,0,0
BRDA:538,60,1,0
BRDA:538,60,2,0
BRDA:542,61,0,0
BRDA:542,61,1,0
BRDA:542,62,0,0
BRDA:542,62,1,0
BRDA:543,63,0,0
BRDA:543,63,1,0
BRDA:543,64,0,0
BRDA:543,64,1,0
BRDA:553,65,0,0
BRDA:553,65,1,0
BRDA:604,66,0,0
BRDA:604,66,1,0
BRDA:622,67,0,0
BRDA:622,67,1,0
BRDA:635,68,0,0
BRDA:635,68,1,0
BRDA:637,69,0,0
BRDA:637,69,1,0
BRDA:638,70,0,0
BRDA:638,70,1,0
BRDA:642,71,0,0
BRDA:642,71,1,0
BRDA:644,72,0,0
BRDA:644,72,1,0
BRDA:649,73,0,0
BRDA:649,73,1,0
BRDA:651,74,0,0
BRDA:651,74,1,0
BRDA:653,75,0,0
BRDA:653,75,1,0
BRDA:658,76,0,0
BRDA:658,76,1,0
BRDA:678,77,0,0
BRDA:678,77,1,0
BRDA:679,78,0,0
BRDA:679,78,1,0
BRDA:696,79,0,0
BRDA:696,79,1,0
BRDA:697,80,0,0
BRDA:697,80,1,0
BRDA:708,81,0,0
BRDA:708,81,1,0
BRDA:708,82,0,0
BRDA:708,82,1,0
BRDA:741,83,0,0
BRDA:741,83,1,0
BRDA:751,84,0,0
BRDA:751,84,1,0
BRDA:753,85,0,0
BRDA:753,85,1,0
BRDA:769,86,0,0
BRDA:769,86,1,0
BRDA:774,87,0,0
BRDA:774,87,1,0
BRDA:777,88,0,0
BRDA:777,88,1,0
BRDA:778,89,0,0
BRDA:778,89,1,0
BRDA:790,90,0,0
BRDA:790,90,1,0
BRDA:793,91,0,0
BRDA:793,91,1,0
BRDA:794,92,0,0
BRDA:794,92,1,0
BRDA:794,93,0,0
BRDA:794,93,1,0
BRDA:794,93,2,0
BRDA:803,94,0,0
BRDA:803,94,1,0
BRDA:807,95,0,0
BRDA:807,95,1,0
BRDA:808,96,0,0
BRDA:808,96,1,0
BRDA:809,97,0,0
BRDA:809,97,1,0
BRDA:810,98,0,0
BRDA:810,98,1,0
BRDA:811,99,0,0
BRDA:811,99,1,0
BRDA:812,100,0,0
BRDA:812,100,1,0
BRDA:813,101,0,0
BRDA:813,101,1,0
BRDA:814,102,0,0
BRDA:814,102,1,0
BRDA:815,103,0,0
BRDA:815,103,1,0
BRDA:816,104,0,0
BRDA:816,104,1,0
BRDA:825,105,0,0
BRDA:825,105,1,0
BRDA:835,106,0,0
BRDA:835,106,1,0
BRDA:837,107,0,0
BRDA:837,107,1,0
BRDA:838,108,0,0
BRDA:838,108,1,0
BRDA:840,109,0,0
BRDA:840,109,1,0
BRDA:842,110,0,0
BRDA:842,110,1,0
BRDA:846,111,0,0
BRDA:846,111,1,0
BRDA:853,112,0,0
BRDA:853,112,1,0
BRDA:855,113,0,0
BRDA:855,113,1,0
BRDA:857,114,0,0
BRDA:857,114,1,0
BRDA:859,115,0,0
BRDA:859,115,1,0
BRF:244
BRH:2
end_of_record
